2024-09-02 15:10:06.318 +0300 cheshev-nikita-igorevich: Сгенерирован новый UUID: Y4yNMvF3cchJ07Vlh2pwIAMjiozJ7IW06JTmmVxLyEDgbzPEWAKZaezM43GJnuat5D1dMY+r7ndu8C3G4i/uYcXVLsIhHDF/5FeaPP/r2yWSMDxba46Dd/nlW9e3TARYAfHSiHHJOHPqowbrDGw3mS2Ya16NhP7JA/vnPDUQJdPwM9tLTWGlHuFEs88uEt/6XPKidep0ECmJyjI7p2uCpAdETWi9ae0hkQd0v7+Yl13IkvvnRaRVvGVnQcyaAcasXzxQYuNakGI6lTC9b9dU2gLjVwNIvm7dYLb60dmiOhVPC3KeZn9cJfvhXRggNvTmGsoB40u+JdTLzp0MMGUxxw==
2024-09-02 15:10:06.319 +0300 : Скрипт ЗАПУЩЕН. Ожидание новых команд...
2024-09-02 15:10:31.315 +0300 cheshev-nikita-igorevich: UUID использован из /var/log/last_uuid.txt: Y4yNMvF3cchJ07Vlh2pwIAMjiozJ7IW06JTmmVxLyEDgbzPEWAKZaezM43GJnuat5D1dMY+r7ndu8C3G4i/uYcXVLsIhHDF/5FeaPP/r2yWSMDxba46Dd/nlW9e3TARYAfHSiHHJOHPqowbrDGw3mS2Ya16NhP7JA/vnPDUQJdPwM9tLTWGlHuFEs88uEt/6XPKidep0ECmJyjI7p2uCpAdETWi9ae0hkQd0v7+Yl13IkvvnRaRVvGVnQcyaAcasXzxQYuNakGI6lTC9b9dU2gLjVwNIvm7dYLb60dmiOhVPC3KeZn9cJfvhXRggNvTmGsoB40u+JdTLzp0MMGUxxw==
2024-09-02 15:10:31.316 +0300 : Скрипт ЗАПУЩЕН. Ожидание новых команд...
2024-09-02 15:10:55.747 +0300 cheshev-nikita-igorevich : cat /var/log/command_history.log
2024-09-02 15:15:30.682 +0300 cheshev-nikita-igorevich : whoami
2024-09-02 15:15:38.815 +0300 cheshev-nikita-igorevich : cd/
2024-09-02 15:15:43.938 +0300 cheshev-nikita-igorevich : cd /
2024-09-02 15:15:58.130 +0300 cheshev-nikita-igorevich : ls
2024-09-02 15:16:06.277 +0300 cheshev-nikita-igorevich : cd ~
2024-09-02 15:16:13.481 +0300 cheshev-nikita-igorevich : type ls
2024-09-02 15:16:22.656 +0300 cheshev-nikita-igorevich : type cd
2024-09-02 15:17:00.490 +0300 cheshev-nikita-igorevich : cd ..
2024-09-02 15:17:02.517 +0300 cheshev-nikita-igorevich : ls
2024-09-02 15:17:22.844 +0300 cheshev-nikita-igorevich : ls /home
2024-09-02 15:17:30.963 +0300 cheshev-nikita-igorevich : cd ~
2024-09-02 15:17:39.079 +0300 cheshev-nikita-igorevich : ccd /tmp
2024-09-02 15:17:47.228 +0300 cheshev-nikita-igorevich : cd /tmp
2024-09-02 15:17:58.424 +0300 cheshev-nikita-igorevich : mkdir pt
2024-09-02 15:18:04.533 +0300 cheshev-nikita-igorevich : cd pt
2024-09-02 15:18:33.108 +0300 cheshev-nikita-igorevich : touch 1.txt 2.txt 3.txt
2024-09-02 15:18:34.133 +0300 cheshev-nikita-igorevich : ls
2024-09-02 15:18:56.660 +0300 cheshev-nikita-igorevich : nano 1.txt
2024-09-02 15:19:02.805 +0300 cheshev-nikita-igorevich : vim 2.txt
2024-09-02 15:19:21.127 +0300 cheshev-nikita-igorevich : sudo apt install vim
2024-09-02 15:20:17.302 +0300 cheshev-nikita-igorevich : vim 2.txt
2024-09-02 15:20:55.035 +0300 cheshev-nikita-igorevich : cd ..
2024-09-02 15:21:01.130 +0300 cheshev-nikita-igorevich : cd ~
2024-09-02 15:21:28.681 +0300 cheshev-nikita-igorevich : cp -r /tmp/pt /tmp/pt_backup
2024-09-02 15:21:46.029 +0300 cheshev-nikita-igorevich : cd /tmp
2024-09-02 15:21:48.061 +0300 cheshev-nikita-igorevich : ls
2024-09-02 15:22:05.458 +0300 cheshev-nikita-igorevich : cd ~
2024-09-02 15:22:55.483 +0300 cheshev-nikita-igorevich : tar -cvf pt_backup.tar /tmp/pt_backup
2024-09-02 15:24:31.562 +0300 cheshev-nikita-igorevich : tar -cvf pt_backup.tar /tmp/pt_backup/
2024-09-02 15:25:37.668 +0300 cheshev-nikita-igorevich : tar -cvf pt_backup.tar -C /tmp pt_backup
2024-09-02 15:26:04.243 +0300 cheshev-nikita-igorevich : tar -xvf pt_backup.tar -C /tmp 
2024-09-02 15:28:27.153 +0300 cheshev-nikita-igorevich : ls ~ /usr
2024-09-02 15:28:37.358 +0300 cheshev-nikita-igorevich : ls -r
2024-09-02 15:28:50.563 +0300 cheshev-nikita-igorevich : ls -ld
2024-09-02 15:28:56.684 +0300 cheshev-nikita-igorevich : ls -ld .
2024-09-02 15:29:22.056 +0300 cheshev-nikita-igorevich : cd /tmp
2024-09-02 15:29:37.375 +0300 cheshev-nikita-igorevich : cd pt
2024-09-02 15:29:54.778 +0300 cheshev-nikita-igorevich : ls -l 1.txt 2.txt 3.txt
2024-09-02 15:30:54.971 +0300 cheshev-nikita-igorevich : mv /tmp/pt/1.txt /tmp/1_renamed.txt
2024-09-02 15:31:09.353 +0300 cheshev-nikita-igorevich : cd ..
2024-09-02 15:31:10.382 +0300 cheshev-nikita-igorevich : ls
2024-09-02 15:32:07.653 +0300 cheshev-nikita-igorevich : mkdir /tmp/new_dir
2024-09-02 15:32:13.739 +0300 cheshev-nikita-igorevich : cd /tmp/new_dir
2024-09-02 15:32:42.143 +0300 cheshev-nikita-igorevich : touch new_file.txt
2024-09-02 15:32:44.173 +0300 cheshev-nikita-igorevich : ls
2024-09-02 15:33:10.729 +0300 cheshev-nikita-igorevich : mv -i /tmp/1_renamed.txt /tmp/new_dir/new_file.txt
2024-09-02 15:33:53.634 +0300 cheshev-nikita-igorevich : cd ~
2024-09-02 15:34:01.751 +0300 cheshev-nikita-igorevich : which ls
2024-09-02 15:34:06.848 +0300 cheshev-nikita-igorevich : type cd
2024-09-02 15:34:40.551 +0300 cheshev-nikita-igorevich : man ls
2024-09-02 15:34:49.749 +0300 cheshev-nikita-igorevich : man nano
2024-09-02 15:34:56.882 +0300 cheshev-nikita-igorevich : man rm
2024-09-02 15:35:06.035 +0300 cheshev-nikita-igorevich : ls --help
2024-09-02 15:35:12.156 +0300 cheshev-nikita-igorevich : nano --help
2024-09-02 15:35:17.327 +0300 cheshev-nikita-igorevich : rm --help
2024-09-02 15:36:04.237 +0300 cheshev-nikita-igorevich : ln -s /tmp/new_dir/new_file.txt /tmp/new_dir/symlink_to_file.txt
2024-09-02 15:36:22.522 +0300 cheshev-nikita-igorevich : ls -l /tmp/new_dir/broken_symlink
2024-09-02 15:36:35.741 +0300 cheshev-nikita-igorevich : cd /tmp
2024-09-02 15:36:38.788 +0300 cheshev-nikita-igorevich : ls
2024-09-02 15:36:49.946 +0300 cheshev-nikita-igorevich : cd  new_dir
2024-09-02 15:36:56.033 +0300 cheshev-nikita-igorevich : ls
2024-09-02 15:39:46.971 +0300 cheshev-nikita-igorevich : ls -l /dev/null broken_symlink
2024-09-02 15:40:57.419 +0300 cheshev-nikita-igorevich : ln -s /dev/null broken_symlink
2024-09-02 15:41:00.478 +0300 cheshev-nikita-igorevich : ls -l /dev/null broken_symlink
2024-09-02 15:41:37.118 +0300 cheshev-nikita-igorevich : ln /tmp/new_dir/new_file.txt /tmp/new_dir/hardlink_to_file.txt
2024-09-02 15:41:48.351 +0300 cheshev-nikita-igorevich : cd ~
2024-09-02 15:42:14.843 +0300 cheshev-nikita-igorevich : alias mycommand='cd /usr; ls; cd -'
2024-09-02 15:43:35.436 +0300 cheshev-nikita-igorevich : sudo mycommand
2024-09-02 15:43:50.675 +0300 cheshev-nikita-igorevich : mycommand
2024-09-02 15:44:59.866 +0300 cheshev-nikita-igorevich : cat > /tmp/textfile.txt << EOdsfsdfsfF
2024-09-02 15:45:22.357 +0300 cheshev-nikita-igorevich : cat > /tmp/textfile.txt << EOF
2024-09-02 15:45:22.361 +0300 cheshev-nikita-igorevich : asdadadsassdsad
2024-09-02 15:45:22.365 +0300 cheshev-nikita-igorevich : dadsad
2024-09-02 15:45:22.370 +0300 cheshev-nikita-igorevich : EOF
2024-09-02 15:45:22.374 +0300 cheshev-nikita-igorevich : 
2024-09-02 15:45:33.643 +0300 cheshev-nikita-igorevich : cat  /tmp/textfile.txt 
2024-09-02 15:47:02.382 +0300 cheshev-nikita-igorevich : nano myscript.sh
2024-09-02 15:47:22.858 +0300 cheshev-nikita-igorevich : chmod +x myscript.sh
2024-09-02 15:47:37.092 +0300 cheshev-nikita-igorevich : ./myscript.sh
2024-09-02 15:48:25.036 +0300 cheshev-nikita-igorevich : rm /tmp/textfile.txt
2024-09-02 15:48:32.177 +0300 cheshev-nikita-igorevich : ls /tmp
2024-09-02 15:49:00.846 +0300 cheshev-nikita-igorevich : mkdir /tmp/empty_dir
2024-09-02 15:49:08.979 +0300 cheshev-nikita-igorevich : ls /tmp
2024-09-02 15:49:16.145 +0300 cheshev-nikita-igorevich : rmdir /tmp/empty_dir
2024-09-02 15:49:22.357 +0300 cheshev-nikita-igorevich : ls /tmp
2024-09-02 15:49:49.878 +0300 cheshev-nikita-igorevich : rm -r /tmp/pt
2024-09-02 15:50:34.816 +0300 cheshev-nikita-igorevich : sudo adduser  newuser
2024-09-02 15:50:59.323 +0300 cheshev-nikita-igorevich : sudo passwd  newuser
2024-09-02 15:51:27.988 +0300 cheshev-nikita-igorevich : find /tmp -name '1.txt'
2024-09-02 15:52:29.291 +0300 cheshev-nikita-igorevich : cat 1.txt
2024-09-02 15:52:35.479 +0300 cheshev-nikita-igorevich : cd /etc
2024-09-02 15:52:51.824 +0300 cheshev-nikita-igorevich : cd pt_backup
2024-09-02 15:52:55.969 +0300 cheshev-nikita-igorevich : cd pt
2024-09-02 15:52:59.024 +0300 cheshev-nikita-igorevich : ls
2024-09-02 15:53:36.623 +0300 cheshev-nikita-igorevich : cd pt
2024-09-02 15:53:44.738 +0300 cheshev-nikita-igorevich : cd pt_backup
2024-09-02 15:53:52.907 +0300 cheshev-nikita-igorevich : cdnew_dir
2024-09-02 15:53:59.026 +0300 cheshev-nikita-igorevich : cd new_dir
2024-09-02 15:54:22.494 +0300 cheshev-nikita-igorevich : cd ..
2024-09-02 15:54:25.546 +0300 cheshev-nikita-igorevich : cd tmp
2024-09-02 15:54:27.578 +0300 cheshev-nikita-igorevich : cd pt
2024-09-02 15:54:32.678 +0300 cheshev-nikita-igorevich : ls
2024-09-02 15:54:46.962 +0300 cheshev-nikita-igorevich : cd pt_backup
2024-09-02 15:54:47.994 +0300 cheshev-nikita-igorevich : ls
2024-09-02 15:54:54.146 +0300 cheshev-nikita-igorevich : cat 1.txt
2024-09-02 15:55:04.457 +0300 cheshev-nikita-igorevich : cd //
2024-09-02 15:55:13.671 +0300 cheshev-nikita-igorevich : cd /tmp/pt_backup
2024-09-02 15:55:17.733 +0300 cheshev-nikita-igorevich : cd ..
2024-09-02 15:55:20.798 +0300 cheshev-nikita-igorevich : ls
2024-09-02 15:56:06.849 +0300 cheshev-nikita-igorevich : grep' #slk[aclk' /tmp/pt_backup/1.txt
2024-09-02 15:56:36.427 +0300 cheshev-nikita-igorevich : grep' #slk[ak' /tmp/pt_backup/1.txt
2024-09-02 15:57:05.016 +0300 cheshev-nikita-igorevich : grep '#slk[ak' /tmp/pt_backup/1.txt
2024-09-02 15:58:27.710 +0300 cheshev-nikita-igorevich : grep -F '#slk[aclk' /tmp/pt_backup/1.txt
2024-09-02 15:58:55.165 +0300 cheshev-nikita-igorevich : cd ~
2024-09-02 15:59:28.817 +0300 cheshev-nikita-igorevich : ping -c 1 google.com && echo "Ping успешен" || echo "Ping не удался"
2024-09-06 22:56:41.314 +0300 cheshev-nikita-igorevich : sudo nano /var/log/command_history.log
2024-09-06 22:57:26.459 +0300 cheshev-nikita-igorevich : sudo apt install net-tools
2024-09-06 22:58:11.933 +0300 cheshev-nikita-igorevich : ls /sys/class/net
2024-09-06 22:59:04.015 +0300 cheshev-nikita-igorevich : sudo nano /etc/netplan/01-networkd.yaml
2024-09-06 22:59:51.781 +0300 cheshev-nikita-igorevich : sudo netplan generate
2024-09-06 23:00:10.105 +0300 cheshev-nikita-igorevich : sudo nano /etc/netplan/01-networkd.yaml
2024-09-06 23:00:24.300 +0300 cheshev-nikita-igorevich : ifconfig -a
2024-09-06 23:00:56.865 +0300 cheshev-nikita-igorevich : sudo nano /etc/netplan/01-networkd.yaml
2024-09-06 23:01:08.050 +0300 cheshev-nikita-igorevich : cd /etc/netplan 
2024-09-06 23:01:26.363 +0300 cheshev-nikita-igorevich : sudo chmod 600 01-networkd.yaml
2024-09-06 23:01:32.452 +0300 cheshev-nikita-igorevich : sudo netplan generate
2024-09-06 23:01:40.605 +0300 cheshev-nikita-igorevich : sudo chmod 600 01-networkd.yaml
2024-09-06 23:02:25.339 +0300 cheshev-nikita-igorevich : sudo nano /etc/netplan/01-networkd.yaml
2024-09-06 23:02:27.368 +0300 cheshev-nikita-igorevich : sudo netplan generate
2024-09-06 23:02:41.587 +0300 cheshev-nikita-igorevich : sudo nano /etc/netplan/01-networkd.yaml
2024-09-06 23:02:43.627 +0300 cheshev-nikita-igorevich : sudo netplan generate
2024-09-06 23:04:02.312 +0300 cheshev-nikita-igorevich : sudo chmod 600 /etc/netplan/01-network-manager-all.yaml
2024-09-06 23:04:05.376 +0300 cheshev-nikita-igorevich : sudo netplan generate
2024-09-06 23:04:10.452 +0300 cheshev-nikita-igorevich : sudo netplan apply
2024-09-06 23:04:41.040 +0300 cheshev-nikita-igorevich : sudo nano /etc/netplan/01-networkd.yaml
2024-09-06 23:04:48.270 +0300 cheshev-nikita-igorevich : ifconfig -a
2024-09-06 23:05:39.192 +0300 cheshev-nikita-igorevich : sudo nano /etc/netplan/01-networkd.yaml
2024-09-06 23:06:06.681 +0300 cheshev-nikita-igorevich : sudo netplan apply
2024-09-06 23:06:08.708 +0300 cheshev-nikita-igorevich : ifconfig -a
2024-09-06 23:06:52.661 +0300 cheshev-nikita-igorevich : sudo nano /etc/netplan/01-networkd.yaml
2024-09-06 23:06:55.731 +0300 cheshev-nikita-igorevich : sudo netplan apply
2024-09-06 23:07:41.529 +0300 cheshev-nikita-igorevich : sudo nano /etc/netplan/01-networkd.yaml
2024-09-06 23:07:45.604 +0300 cheshev-nikita-igorevich : sudo netplan apply
2024-09-06 23:08:01.855 +0300 cheshev-nikita-igorevich : sudo nano /etc/netplan/01-networkd.yaml
2024-09-06 23:08:05.914 +0300 cheshev-nikita-igorevich : ifconfig -a
2024-09-06 23:10:26.878 +0300 cheshev-nikita-igorevich : sudo nano /etc/netplan/01-networkd.yaml
2024-09-06 23:10:29.957 +0300 cheshev-nikita-igorevich : ifconfig -a
2024-09-06 23:12:11.429 +0300 cheshev-nikita-igorevich : ip link
2024-09-06 23:13:12.666 +0300 cheshev-nikita-igorevich : sudo nano /etc/netplan/01-networkd.yaml
2024-09-06 23:13:18.760 +0300 cheshev-nikita-igorevich : sudo netplan apply
2024-09-06 23:13:29.908 +0300 cheshev-nikita-igorevich : ifconfig -a
2024-09-06 23:14:24.173 +0300 cheshev-nikita-igorevich : sudo netplan --debug generate
2024-09-06 23:14:32.366 +0300 cheshev-nikita-igorevich : sudo netplan --debug apply
2024-09-06 23:14:59.926 +0300 cheshev-nikita-igorevich : sudo nano /etc/netplan/01-networkd.yaml
2024-09-06 23:16:57.441 +0300 cheshev-nikita-igorevich : ifconfig -a
2024-09-06 23:18:09.055 +0300 cheshev-nikita-igorevich : sudo nano /etc/netplan/01-networkd.yaml
2024-09-06 23:18:14.216 +0300 cheshev-nikita-igorevich : sudo netplan --debug generate
2024-09-06 23:18:17.321 +0300 cheshev-nikita-igorevich : sudo netplan --debug apply
2024-09-06 23:18:23.441 +0300 cheshev-nikita-igorevich : ifconfig -a
2024-09-06 23:18:48.888 +0300 cheshev-nikita-igorevich : sudo netplan --debug apply
2024-09-06 23:19:40.127 +0300 cheshev-nikita-igorevich : sudo nano /etc/netplan/01-networkd.yaml
2024-09-06 23:19:42.191 +0300 cheshev-nikita-igorevich : sudo netplan --debug apply
2024-09-06 23:20:42.679 +0300 cheshev-nikita-igorevich : sudo nano /etc/netplan/01-networkd.yaml
2024-09-06 23:20:47.870 +0300 cheshev-nikita-igorevich : sudo netplan --debug generate
2024-09-06 23:22:22.581 +0300 cheshev-nikita-igorevich : sudo nano /etc/netplan/01-networkd.yaml
2024-09-06 23:22:24.615 +0300 cheshev-nikita-igorevich : sudo netplan --debug generate
2024-09-06 23:22:28.686 +0300 cheshev-nikita-igorevich : sudo netplan --debug apply
2024-09-06 23:22:54.273 +0300 cheshev-nikita-igorevich : sudo nano /etc/netplan/01-networkd.yaml
2024-09-06 23:22:58.420 +0300 cheshev-nikita-igorevich : ifconfig -a
2024-09-06 23:24:38.838 +0300 cheshev-nikita-igorevich : sudo nano /etc/netplan/01-networkd.yaml
2024-09-06 23:24:42.930 +0300 cheshev-nikita-igorevich : sudo netplan --debug apply
2024-09-06 23:24:48.107 +0300 cheshev-nikita-igorevich : ifconfig -a
2024-09-06 23:25:22.838 +0300 cheshev-nikita-igorevich : sudo nano /etc/netplan/01-networkd.yaml
2024-09-06 23:26:17.215 +0300 cheshev-nikita-igorevich : sudo netplan --debug apply
2024-09-06 23:26:31.523 +0300 cheshev-nikita-igorevich : sudo nano /etc/netplan/01-networkd.yaml
2024-09-06 23:26:34.637 +0300 cheshev-nikita-igorevich : ifconfig -a
2024-09-06 23:27:42.071 +0300 cheshev-nikita-igorevich : sudo nano /etc/netplan/01-networkd.yaml
2024-09-06 23:27:44.115 +0300 cheshev-nikita-igorevich : sudo netplan --debug apply
2024-09-06 23:28:01.511 +0300 cheshev-nikita-igorevich : sudo nano /etc/netplan/01-networkd.yaml
2024-09-06 23:28:03.548 +0300 cheshev-nikita-igorevich : sudo netplan --debug apply
2024-09-06 23:28:13.782 +0300 cheshev-nikita-igorevich : sudo nano /etc/netplan/01-networkd.yaml
2024-09-06 23:28:15.818 +0300 cheshev-nikita-igorevich : sudo netplan --debug apply
2024-09-06 23:28:53.852 +0300 cheshev-nikita-igorevich : sudo nano /etc/netplan/01-networkd.yaml
2024-09-06 23:28:54.874 +0300 cheshev-nikita-igorevich : sudo netplan --debug apply
2024-09-06 23:29:13.228 +0300 cheshev-nikita-igorevich : sudo nano /etc/netplan/01-networkd.yaml
2024-09-06 23:29:19.406 +0300 cheshev-nikita-igorevich : ifconfig -a
2024-09-06 23:29:43.901 +0300 cheshev-nikita-igorevich : cd ~
2024-09-06 23:30:26.874 +0300 cheshev-nikita-igorevich : sudo nano /etc/default/grub
2024-09-06 23:30:43.233 +0300 cheshev-nikita-igorevich : apt install ifupdown
2024-09-06 23:30:53.522 +0300 cheshev-nikita-igorevich : sudo apt install ifupdown
2024-09-06 23:31:24.265 +0300 cheshev-nikita-igorevich : ping 8.8.8.8
2024-09-06 23:33:16.016 +0300 cheshev-nikita-igorevich : ip addr show ens33
2024-09-06 23:34:05.395 +0300 cheshev-nikita-igorevich : ip r show
2024-09-06 23:35:10.113 +0300 cheshev-nikita-igorevich : sudo ip route del default via 192.168.71.2 dev ens37
2024-09-06 23:35:16.308 +0300 cheshev-nikita-igorevich : sudo ip route del default via 192.168.71.2 dev ens38
2024-09-06 23:35:27.524 +0300 cheshev-nikita-igorevich : sudo ip route del default via 192.168.71.2 dev ens33 src 192.168.71.131
2024-09-06 23:35:37.788 +0300 cheshev-nikita-igorevich : ping 8.8.8.88
2024-09-06 23:36:21.947 +0300 cheshev-nikita-igorevich : nmcli device status
2024-09-06 23:37:25.415 +0300 cheshev-nikita-igorevich : sudo nano /etc/netplan/01-networkd.yaml
2024-09-06 23:37:32.631 +0300 cheshev-nikita-igorevich : sudo netplan --debug apply
2024-09-06 23:37:39.802 +0300 cheshev-nikita-igorevich : ping 8.8.8.8
2024-09-06 23:37:48.020 +0300 cheshev-nikita-igorevich : sudo apt install ifupdown
2024-09-06 23:39:00.809 +0300 cheshev-nikita-igorevich : sudo nano /etc/network/interfaces
2024-09-06 23:39:07.005 +0300 cheshev-nikita-igorevich : update-grub
2024-09-06 23:39:12.203 +0300 cheshev-nikita-igorevich : sudo update-grub
2024-09-06 23:39:19.443 +0300 cheshev-nikita-igorevich : shutdown -r now
2024-09-06 23:47:19.662 +0300 cheshev-nikita-igorevich: UUID использован из /var/log/last_uuid.txt: Y4yNMvF3cchJ07Vlh2pwIAMjiozJ7IW06JTmmVxLyEDgbzPEWAKZaezM43GJnuat5D1dMY+r7ndu8C3G4i/uYcXVLsIhHDF/5FeaPP/r2yWSMDxba46Dd/nlW9e3TARYAfHSiHHJOHPqowbrDGw3mS2Ya16NhP7JA/vnPDUQJdPwM9tLTWGlHuFEs88uEt/6XPKidep0ECmJyjI7p2uCpAdETWi9ae0hkQd0v7+Yl13IkvvnRaRVvGVnQcyaAcasXzxQYuNakGI6lTC9b9dU2gLjVwNIvm7dYLb60dmiOhVPC3KeZn9cJfvhXRggNvTmGsoB40u+JdTLzp0MMGUxxw==
2024-09-06 23:47:19.663 +0300 : Скрипт ЗАПУЩЕН. Ожидание новых команд...
2024-09-06 23:48:00.133 +0300 cheshev-nikita-igorevich : sudo nano /var/log/command_history.log
2024-09-06 23:48:03.248 +0300 cheshev-nikita-igorevich : sudo update-grub
2024-09-06 23:50:57.932 +0300 cheshev-nikita-igorevich : sudo nano etc/default/grub
2024-09-06 23:51:05.161 +0300 cheshev-nikita-igorevich : cd etc
2024-09-06 23:51:08.239 +0300 cheshev-nikita-igorevich : /
2024-09-06 23:51:13.387 +0300 cheshev-nikita-igorevich : cd /etc
2024-09-06 23:51:19.557 +0300 cheshev-nikita-igorevich : cd /default
2024-09-06 23:51:23.641 +0300 cheshev-nikita-igorevich : ls
2024-09-06 23:51:44.214 +0300 cheshev-nikita-igorevich : cd default
2024-09-06 23:51:46.251 +0300 cheshev-nikita-igorevich : ls
2024-09-06 23:52:23.418 +0300 cheshev-nikita-igorevich : sudo nano grub
2024-09-06 23:52:29.694 +0300 cheshev-nikita-igorevich : sudo update-grub
2024-09-06 23:53:48.988 +0300 cheshev-nikita-igorevich : sudo nano grub
2024-09-06 23:54:03.332 +0300 cheshev-nikita-igorevich : sudo apt install os-prober
2024-09-06 23:54:09.589 +0300 cheshev-nikita-igorevich : sudo update-grub
2024-09-06 23:54:42.586 +0300 cheshev-nikita-igorevich : sudo os-prober
2024-09-06 23:54:48.753 +0300 cheshev-nikita-igorevich : sudo update-grub
2024-09-06 23:55:52.534 +0300 cheshev-nikita-igorevich : ifconfig -a
2024-09-06 23:56:06.014 +0300 cheshev-nikita-igorevich : sudo nano etc/default/grub
2024-09-06 23:56:10.085 +0300 cheshev-nikita-igorevich : cd ~
2024-09-06 23:56:22.475 +0300 cheshev-nikita-igorevich : sudo nano etc/default/grub
2024-09-06 23:57:12.591 +0300 cheshev-nikita-igorevich : sudo nano /etc/network/interfaces
2024-09-06 23:57:17.877 +0300 cheshev-nikita-igorevich : sudo update-grub
2024-09-06 23:57:42.639 +0300 cheshev-nikita-igorevich : ifconfig -a
2024-09-07 00:00:25.457 +0300 cheshev-nikita-igorevich : sudo nano /var/log/command_history.log
2024-09-07 16:08:53.103 +0300 cheshev-nikita-igorevich: UUID использован из /var/log/last_uuid.txt: Y4yNMvF3cchJ07Vlh2pwIAMjiozJ7IW06JTmmVxLyEDgbzPEWAKZaezM43GJnuat5D1dMY+r7ndu8C3G4i/uYcXVLsIhHDF/5FeaPP/r2yWSMDxba46Dd/nlW9e3TARYAfHSiHHJOHPqowbrDGw3mS2Ya16NhP7JA/vnPDUQJdPwM9tLTWGlHuFEs88uEt/6XPKidep0ECmJyjI7p2uCpAdETWi9ae0hkQd0v7+Yl13IkvvnRaRVvGVnQcyaAcasXzxQYuNakGI6lTC9b9dU2gLjVwNIvm7dYLb60dmiOhVPC3KeZn9cJfvhXRggNvTmGsoB40u+JdTLzp0MMGUxxw==
2024-09-07 16:08:53.103 +0300 : Скрипт ЗАПУЩЕН. Ожидание новых команд...
2024-09-07 16:09:30.447 +0300 cheshev-nikita-igorevich : whatis intro
2024-09-07 16:09:36.608 +0300 cheshev-nikita-igorevich : whatis whatis
2024-09-07 16:09:48.992 +0300 cheshev-nikita-igorevich : whatis apropos
2024-09-07 16:09:57.230 +0300 cheshev-nikita-igorevich : whatis nan
2024-09-07 16:10:04.407 +0300 cheshev-nikita-igorevich : ls
2024-09-07 16:10:20.922 +0300 cheshev-nikita-igorevich : man -w man
2024-09-07 16:14:14.339 +0300 cheshev-nikita-igorevich : sudo mandb
2024-09-07 16:14:37.944 +0300 cheshev-nikita-igorevich : sudo apt install groff-base
2024-09-07 16:14:41.023 +0300 cheshev-nikita-igorevich : man -w man
2024-09-07 16:17:02.540 +0300 cheshev-nikita-igorevich : file /usr/share/man/man1/man.1.gz
2024-09-07 16:17:12.867 +0300 cheshev-nikita-igorevich : file -z /usr/share/man/man1/man.1.gz
2024-09-07 16:17:21.136 +0300 cheshev-nikita-igorevich : whatis file
2024-09-07 16:18:03.206 +0300 cheshev-nikita-igorevich : man -t man > man.print.1
2024-09-07 16:18:39.152 +0300 cheshev-nikita-igorevich : sudo dnf install groff groff-base groff-doc groff-perl groff-x11
2024-09-07 16:20:15.634 +0300 cheshev-nikita-igorevich : sudo apt install groff groff-base groff-doc groff-perl groff-x11
2024-09-07 16:21:04.064 +0300 cheshev-nikita-igorevich : dpkg -s groff
2024-09-07 16:21:21.590 +0300 cheshev-nikita-igorevich : sudo dpkg -s groff
2024-09-07 16:21:36.969 +0300 cheshev-nikita-igorevich : sudo apt update
2024-09-07 16:21:53.447 +0300 cheshev-nikita-igorevich : sudo apr reinstall groff
2024-09-07 16:22:06.726 +0300 cheshev-nikita-igorevich : sudo apt reinstall groff
2024-09-07 16:22:09.862 +0300 cheshev-nikita-igorevich : sudo apt install groff groff-base groff-doc groff-perl groff-x11
2024-09-07 16:22:25.296 +0300 cheshev-nikita-igorevich : sudo apt install groff groff-base  groff-x11
2024-09-07 16:22:37.579 +0300 cheshev-nikita-igorevich : man -t man > man.print.1
2024-09-07 16:22:50.910 +0300 cheshev-nikita-igorevich : file man.print.1
2024-09-07 16:23:01.224 +0300 cheshev-nikita-igorevich : man -T lz4 man > man.print.2
2024-09-07 16:23:52.589 +0300 cheshev-nikita-igorevich : sudo apt install lz4
2024-09-07 16:23:53.619 +0300 cheshev-nikita-igorevich : man -T lz4 man > man.print.2
2024-09-07 16:24:04.912 +0300 cheshev-nikita-igorevich : file man.print.2
2024-09-07 16:24:21.317 +0300 cheshev-nikita-igorevich : man -thtml man > man.html
2024-09-07 16:24:27.465 +0300 cheshev-nikita-igorevich : file man.html
2024-09-07 16:24:51.018 +0300 cheshev-nikita-igorevich : help -d help
2024-09-07 16:24:56.130 +0300 cheshev-nikita-igorevich : help -d cd
2024-09-07 16:25:01.314 +0300 cheshev-nikita-igorevich : help cd
2024-09-07 16:26:13.276 +0300 cheshev-nikita-igorevich : man 1 ls
2024-09-07 16:26:28.688 +0300 cheshev-nikita-igorevich : man 5 sshd_config
2024-09-07 16:29:46.561 +0300 cheshev-nikita-igorevich : git clone https://github.com/HAFRY-W/34
2024-09-07 16:30:12.148 +0300 cheshev-nikita-igorevich : sudo apt install git
2024-09-07 16:30:14.182 +0300 cheshev-nikita-igorevich : git clone https://github.com/HAFRY-W/34
2024-09-07 16:30:17.246 +0300 cheshev-nikita-igorevich : cd 34
